<?xml version="1.0" encoding="UTF-8"?>
<testsuite xmlns:xsi="http://www.w3.org/2001/XMLSchema-instance" xsi:noNamespaceSchemaLocation="https://maven.apache.org/surefire/maven-surefire-plugin/xsd/surefire-test-report-3.0.xsd" version="3.0" name="com.example.elevator.controller.ElevatorControllerTest" time="1.85" tests="4" errors="0" skipped="0" failures="0">
  <properties>
[...]
</properties>
  <testcase name="getAllStatuses_returnsOk" classname="com.example.elevator.controller.ElevatorControllerTest" time="0.069">
    <system-out><![CDATA[13:31:26.885 [main] INFO org.springframework.test.context.support.AnnotationConfigContextLoaderUtils -- Could not detect default configuration classes for test class [com.example.elevator.controller.ElevatorControllerTest]: ElevatorControllerTest does not declare any static, non-private, non-final, nested classes annotated with @Configuration.
13:31:26.967 [main] INFO org.springframework.boot.test.context.SpringBootTestContextBootstrapper -- Found @SpringBootConfiguration com.example.elevator.ElevatorManagementApplication for test class com.example.elevator.controller.ElevatorControllerTest

  .   ____          _            __ _ _
 /\\ / ___'_ __ _ _(_)_ __  __ _ \ \ \ \
( ( )\___ | '_ | '_| | '_ \/ _` | \ \ \ \
 \\/  ___)| |_)| | | | | || (_| |  ) ) ) )
  '  |____| .__|_| |_|_| |_\__, | / / / /
 =========|_|==============|___/=/_/_/_/
 :: Spring Boot ::                (v3.2.5)

2026-08-12T13:31:27.165-04:00  INFO 6785 --- [elevator-management-system] [           main] c.e.e.controller.ElevatorControllerTest  : Starting ElevatorControllerTest using Java 17.0.20 with PID 6785 (started by aneshreddyyaredla in /Users/aneshreddyyaredla/Desktop/elevator-management-system)
2026-08-12T13:31:27.166-04:00  INFO 6785 --- [elevator-management-system] [           main] c.e.e.controller.ElevatorControllerTest  : The following 1 profile is active: "dev"
2026-08-12T13:31:28.379-04:00  WARN 6785 --- [elevator-management-system] [           main] .s.s.UserDetailsServiceAutoConfiguration : 

Using generated security password: 0a538e83-d7d1-4e52-b0c9-939b2c247e3c

This generated password is for development use only. Your security configuration must be updated before running your application in production.

2026-08-12T13:31:28.453-04:00  INFO 6785 --- [elevator-management-system] [           main] o.s.s.web.DefaultSecurityFilterChain     : Will secure any request with [org.springframework.security.web.session.DisableEncodeUrlFilter@45311a99, org.springframework.security.web.context.request.async.WebAsyncManagerIntegrationFilter@7037a680, org.springframework.security.web.context.SecurityContextHolderFilter@3d718248, org.springframework.security.web.header.HeaderWriterFilter@13404f75, org.springframework.web.filter.CorsFilter@492c8137, org.springframework.security.web.csrf.CsrfFilter@5534e6f1, org.springframework.security.web.authentication.logout.LogoutFilter@54556723, org.springframework.security.web.authentication.UsernamePasswordAuthenticationFilter@4bff28e7, org.springframework.security.web.authentication.ui.DefaultLoginPageGeneratingFilter@6adcf059, org.springframework.security.web.authentication.ui.DefaultLogoutPageGeneratingFilter@420b55ed, org.springframework.security.web.authentication.www.BasicAuthenticationFilter@670a4738, org.springframework.security.web.savedrequest.RequestCacheAwareFilter@8aa5ab4, org.springframework.security.web.servletapi.SecurityContextHolderAwareRequestFilter@53e4a19e, org.springframework.security.web.authentication.AnonymousAuthenticationFilter@f237ae7, org.springframework.security.web.access.ExceptionTranslationFilter@66314fee, org.springframework.security.web.access.intercept.AuthorizationFilter@65259c53]
2026-08-12T13:31:28.481-04:00  INFO 6785 --- [elevator-management-system] [           main] o.s.b.t.m.w.SpringBootMockServletContext : Initializing Spring TestDispatcherServlet ''
2026-08-12T13:31:28.481-04:00  INFO 6785 --- [elevator-management-system] [           main] o.s.t.web.servlet.TestDispatcherServlet  : Initializing Servlet ''
2026-08-12T13:31:28.481-04:00  INFO 6785 --- [elevator-management-system] [           main] o.s.t.web.servlet.TestDispatcherServlet  : Completed initialization in 0 ms
2026-08-12T13:31:28.497-04:00  INFO 6785 --- [elevator-management-system] [           main] c.e.e.controller.ElevatorControllerTest  : Started ElevatorControllerTest in 1.496 seconds (process running for 1.972)
]]></system-out>
  </testcase>
  <testcase name="manualAssign_asAdmin_returnsOk" classname="com.example.elevator.controller.ElevatorControllerTest" time="0.083"/>
  <testcase name="requestElevator_returnsCreated" classname="com.example.elevator.controller.ElevatorControllerTest" time="0.011"/>
  <testcase name="requestElevator_invalidPayload_returnsBadRequest" classname="com.example.elevator.controller.ElevatorControllerTest" time="0.009"/>
</testsuite>